Usuario: 
Nombre: Frodo
Monedas: 49795
Tiempo: 40.0
Preferencia: Aventura

Ofertas compradas: 
Promocion
-Atracciones incluidas: [Monte del Destino, Caradhras, Bosque Negro]
-Duracion: 18.5
-Precio original: 133
-Precio con descuento: 78

Atraccion
Nombre: [Mordor]
-Precio: 25
-Duracion: 3.0

Atraccion
Nombre: [Moria]
-Precio: 10
-Duracion: 2.0

Promocion
-Atracciones incluidas: [Lothlórien, La Comarca, Rivendell]
-Duracion: 12.5
-Precio original: 48
-Precio con descuento: 34

Promocion
-Atracciones incluidas: [Anduin, Rohan]
-Duracion: 5.0
-Precio original: 25
-Precio con descuento: 20

Promocion
-Atracciones incluidas: [Minas Tirith, Abismo de Helm, Erebor]
-Duracion: 7.5
-Precio original: 22
-Precio con descuento: 7

Promocion
-Atracciones incluidas: [Bree]
-Duracion: 3.0
-Precio original: 5
-Precio con descuento: 0

Atraccion
Nombre: [Isengard]
-Precio: 23
-Duracion: 7.5

Atraccion
Nombre: [Brandivino]
-Precio: 8
-Duracion: 1.0


--------------------

TOTAL:

Precio total: 205
Duracion total: 60.0
